{
  "stats": {
    "suites": 1,
    "tests": 1,
    "passes": 1,
    "pending": 0,
    "failures": 0,
    "start": "2025-07-07T14:57:57.238Z",
    "end": "2025-07-07T14:58:22.232Z",
    "duration": 24994,
    "testsRegistered": 1,
    "passPercent": 100,
    "pendingPercent": 0,
    "other": 0,
    "hasOther": false,
    "skipped": 0,
    "hasSkipped": false
  },
  "results": [
    {
      "uuid": "021f1b89-fd66-4bf3-94b3-c3d9933b29ee",
      "title": "",
      "fullFile": "cypress\\e2e\\sign_in.cy.js",
      "file": "cypress\\e2e\\sign_in.cy.js",
      "beforeHooks": [],
      "afterHooks": [],
      "tests": [],
      "suites": [
        {
          "uuid": "b2d5dddd-03cc-4721-9f55-3cf16ad781cf",
          "title": "Test d'inscription à la plateforme",
          "fullFile": "",
          "file": "",
          "beforeHooks": [],
          "afterHooks": [],
          "tests": [
            {
              "title": "passes",
              "fullTitle": "Test d'inscription à la plateforme passes",
              "timedOut": null,
              "duration": 13846,
              "state": "passed",
              "speed": "slow",
              "pass": true,
              "fail": false,
              "pending": false,
              "context": null,
              "code": "cy.visit('http://localhost:8000/inscription/');\n//cy.visit('');\n//cy.contains('inscription').click({ force: true });\ncy.get('input[name=\"username\"]').type('test');\ncy.get('input[name=\"email\"]').type('test@example.com');\ncy.get('input[name=\"type_utilisateur\"]').check('association');\ncy.get('input[name=\"password1\"]').type('sofacsofac');\ncy.get('input[name=\"password2\"]').type('sofacsofac');\ncy.get('button[type=\"submit\"]').click();",
              "err": {},
              "uuid": "b9ac1b7d-918d-4144-81dc-9cd98f25c313",
              "parentUUID": "b2d5dddd-03cc-4721-9f55-3cf16ad781cf",
              "isHook": false,
              "skipped": false
            }
          ],
          "suites": [],
          "passes": [
            "b9ac1b7d-918d-4144-81dc-9cd98f25c313"
          ],
          "failures": [],
          "pending": [],
          "skipped": [],
          "duration": 13846,
          "root": false,
          "rootEmpty": false,
          "_timeout": 2000
        }
      ],
      "passes": [],
      "failures": [],
      "pending": [],
      "skipped": [],
      "duration": 0,
      "root": true,
      "rootEmpty": true,
      "_timeout": 2000
    }
  ],
  "meta": {
    "mocha": {
      "version": "7.2.0"
    },
    "mochawesome": {
      "options": {
        "quiet": false,
        "reportFilename": "mochawesome",
        "saveHtml": true,
        "saveJson": true,
        "consoleReporter": "spec",
        "useInlineDiffs": false,
        "code": true
      },
      "version": "7.1.3"
    },
    "marge": {
      "options": {
        "reportDir": "cypress/reports",
        "overwrite": false,
        "html": true,
        "json": true,
        "embeddedScreenshots": true,
        "inlineAssets": true
      },
      "version": "6.2.0"
    }
  }
}