{
  "stats": {
    "suites": 1,
    "tests": 1,
    "passes": 1,
    "pending": 0,
    "failures": 0,
    "start": "2025-07-07T14:57:04.880Z",
    "end": "2025-07-07T14:57:45.448Z",
    "duration": 40568,
    "testsRegistered": 1,
    "passPercent": 100,
    "pendingPercent": 0,
    "other": 0,
    "hasOther": false,
    "skipped": 0,
    "hasSkipped": false
  },
  "results": [
    {
      "uuid": "39c9c498-5621-41c9-bfca-100bbc7a2516",
      "title": "",
      "fullFile": "cypress\\e2e\\missions.cy.js",
      "file": "cypress\\e2e\\missions.cy.js",
      "beforeHooks": [],
      "afterHooks": [],
      "tests": [],
      "suites": [
        {
          "uuid": "2ece6317-6db5-4df6-8865-ca9ab1a76f6b",
          "title": "Test des Missions",
          "fullFile": "",
          "file": "",
          "beforeHooks": [],
          "afterHooks": [],
          "tests": [
            {
              "title": "Ensemble de tests pour la partie missions du projet",
              "fullTitle": "Test des Missions Ensemble de tests pour la partie missions du projet",
              "timedOut": null,
              "duration": 25320,
              "state": "passed",
              "speed": "slow",
              "pass": true,
              "fail": false,
              "pending": false,
              "context": null,
              "code": "cy.visit('http://localhost:8000/');\ncy.get('nav').contains('Notifications').click({\n  force: true\n});\ncy.contains('Connexion').click({\n  force: true\n}); //force le clic même si l’élément est invisible ou recouvert (utile si, par exemple, le bouton est caché dans un menu déroulant non ouvert).\ncy.get('input[name=\"username\"]').type('Croix_rouge');\ncy.get('input[name=\"password\"]').type('croixcroix');\ncy.get('button[type=\"submit\"]').click();\ncy.contains('Bienvenue').should('be.visible');\ncy.get('nav').contains('Missions').click({\n  force: true\n});\ncy.contains('Liste').should('be.visible');\ncy.get('input[name=\"urgent\"]').check();\ncy.contains('Filtrer').click({\n  force: true\n});\ncy.contains('tr', 'Distribution de colis').contains('Modifier').click();\ncy.contains('Modifier la Mission').should('be.visible');\ncy.contains('Retour').click();\ncy.get('nav').contains('Statistiques').click({\n  force: true\n});\ncy.get('h2').contains('Statistiques').should('be.visible');",
              "err": {},
              "uuid": "7c03293b-e0c8-4743-b1d8-1692b1c064d3",
              "parentUUID": "2ece6317-6db5-4df6-8865-ca9ab1a76f6b",
              "isHook": false,
              "skipped": false
            }
          ],
          "suites": [],
          "passes": [
            "7c03293b-e0c8-4743-b1d8-1692b1c064d3"
          ],
          "failures": [],
          "pending": [],
          "skipped": [],
          "duration": 25320,
          "root": false,
          "rootEmpty": false,
          "_timeout": 2000
        }
      ],
      "passes": [],
      "failures": [],
      "pending": [],
      "skipped": [],
      "duration": 0,
      "root": true,
      "rootEmpty": true,
      "_timeout": 2000
    }
  ],
  "meta": {
    "mocha": {
      "version": "7.2.0"
    },
    "mochawesome": {
      "options": {
        "quiet": false,
        "reportFilename": "mochawesome",
        "saveHtml": true,
        "saveJson": true,
        "consoleReporter": "spec",
        "useInlineDiffs": false,
        "code": true
      },
      "version": "7.1.3"
    },
    "marge": {
      "options": {
        "reportDir": "cypress/reports",
        "overwrite": false,
        "html": true,
        "json": true,
        "embeddedScreenshots": true,
        "inlineAssets": true
      },
      "version": "6.2.0"
    }
  }
}