{
  "stats": {
    "suites": 1,
    "tests": 1,
    "passes": 1,
    "pending": 0,
    "failures": 0,
    "start": "2025-07-08T08:26:20.902Z",
    "end": "2025-07-08T08:26:31.836Z",
    "duration": 10934,
    "testsRegistered": 1,
    "passPercent": 100,
    "pendingPercent": 0,
    "other": 0,
    "hasOther": false,
    "skipped": 0,
    "hasSkipped": false
  },
  "results": [
    {
      "uuid": "33046b8f-90d4-4c8e-b579-fbae63854227",
      "title": "",
      "fullFile": "cypress\\e2e\\spec.cy.js",
      "file": "cypress\\e2e\\spec.cy.js",
      "beforeHooks": [],
      "afterHooks": [],
      "tests": [],
      "suites": [
        {
          "uuid": "866b33ed-b03d-41ee-96dc-3fbe3ff08544",
          "title": "Premier Test",
          "fullFile": "",
          "file": "",
          "beforeHooks": [],
          "afterHooks": [],
          "tests": [
            {
              "title": "devra seulement tester ce code et accéder au lien",
              "fullTitle": "Premier Test devra seulement tester ce code et accéder au lien",
              "timedOut": null,
              "duration": 2856,
              "state": "passed",
              "speed": "fast",
              "pass": true,
              "fail": false,
              "pending": false,
              "context": null,
              "code": "cy.visit('http://localhost:8000/');\ncy.screenshot();",
              "err": {},
              "uuid": "872f2970-a637-4177-b62b-ebc64cf1aaef",
              "parentUUID": "866b33ed-b03d-41ee-96dc-3fbe3ff08544",
              "isHook": false,
              "skipped": false
            }
          ],
          "suites": [],
          "passes": [
            "872f2970-a637-4177-b62b-ebc64cf1aaef"
          ],
          "failures": [],
          "pending": [],
          "skipped": [],
          "duration": 2856,
          "root": false,
          "rootEmpty": false,
          "_timeout": 2000
        }
      ],
      "passes": [],
      "failures": [],
      "pending": [],
      "skipped": [],
      "duration": 0,
      "root": true,
      "rootEmpty": true,
      "_timeout": 2000
    }
  ],
  "meta": {
    "mocha": {
      "version": "7.2.0"
    },
    "mochawesome": {
      "options": {
        "quiet": false,
        "reportFilename": "mochawesome",
        "saveHtml": true,
        "saveJson": true,
        "consoleReporter": "spec",
        "useInlineDiffs": false,
        "code": true
      },
      "version": "7.1.3"
    },
    "marge": {
      "options": {
        "reportDir": "cypress/reports",
        "overwrite": true,
        "html": true,
        "json": true,
        "embeddedScreenshots": true,
        "inlineAssets": true
      },
      "version": "6.2.0"
    }
  }
}